[debug] [2025-05-11T20:36:45.951Z] ----------------------------------------------------------------------
[debug] [2025-05-11T20:36:45.953Z] Command:       /usr/local/bin/firebase /Users/lapto/.cache/firebase/tools/lib/node_modules/firebase-tools/lib/bin/firebase init
[debug] [2025-05-11T20:36:45.953Z] CLI Version:   13.24.2
[debug] [2025-05-11T20:36:45.953Z] Platform:      darwin
[debug] [2025-05-11T20:36:45.954Z] Node Version:  v18.5.0
[debug] [2025-05-11T20:36:45.955Z] Time:          Mon May 12 2025 02:06:45 GMT+0530 (India Standard Time)
[debug] [2025-05-11T20:36:45.955Z] ----------------------------------------------------------------------
[debug] 
[debug] [2025-05-11T20:36:45.962Z] >>> [apiv2][query] GET https://firebase-public.firebaseio.com/cli.json [none]
[debug] [2025-05-11T20:36:46.000Z] > command requires scopes: ["email","openid","https://www.googleapis.com/auth/cloudplatformprojects.readonly","https://www.googleapis.com/auth/firebase","https://www.googleapis.com/auth/cloud-platform"]
[debug] [2025-05-11T20:36:46.005Z] > authorizing via signed-in user (ebox@thoughtbox.io)
[info] 
     ######## #### ########  ######## ########     ###     ######  ########
     ##        ##  ##     ## ##       ##     ##  ##   ##  ##       ##
     ######    ##  ########  ######   ########  #########  ######  ######
     ##        ##  ##    ##  ##       ##     ## ##     ##       ## ##
     ##       #### ##     ## ######## ########  ##     ##  ######  ########

You're about to initialize a Firebase project in this directory:

  /Users/lapto/Project/portfolio

[debug] [2025-05-11T20:36:47.668Z] <<< [apiv2][status] GET https://firebase-public.firebaseio.com/cli.json 200
[debug] [2025-05-11T20:36:47.674Z] <<< [apiv2][body] GET https://firebase-public.firebaseio.com/cli.json {"cloudBuildErrorAfter":1594252800000,"cloudBuildWarnAfter":1590019200000,"defaultNode10After":1594252800000,"minVersion":"3.0.5","node8DeploysDisabledAfter":1613390400000,"node8RuntimeDisabledAfter":1615809600000,"node8WarnAfter":1600128000000}
